timestamp: 2022-06-12T17:24:41.638067
CREATE TABLE "auth_user"(
    "id" INTEGER PRIMARY KEY AUTOINCREMENT,
    "username" CHAR(512) UNIQUE,
    "email" CHAR(512) UNIQUE,
    "password" CHAR(512),
    "first_name" CHAR(512),
    "last_name" CHAR(512),
    "sso_id" CHAR(512),
    "action_token" CHAR(512),
    "last_password_change" TIMESTAMP,
    "past_passwords_hash" TEXT
);
success!
timestamp: 2022-06-12T17:24:41.641577
CREATE TABLE "auth_user_tag_groups"(
    "id" INTEGER PRIMARY KEY AUTOINCREMENT,
    "tagpath" CHAR(512),
    "record_id" INTEGER REFERENCES "auth_user" ("id") ON DELETE CASCADE  
);
success!
timestamp: 2022-06-12T18:17:59.505742
CREATE TABLE "siti_importati"(
    "id" INTEGER PRIMARY KEY AUTOINCREMENT,
    "website_url" CHAR(512)
);
success!
timestamp: 2022-06-12T18:17:59.512637
CREATE TABLE "files_excel"(
    "id" INTEGER PRIMARY KEY AUTOINCREMENT,
    "reference_file" INTEGER REFERENCES "siti_importati" ("id") ON DELETE CASCADE  ,
    "file" CHAR(512)
);
success!
